# JRE version: OpenJDK Runtime Environment Temurin-17.0.15+6 (17.0.15+6) (build 17.0.15+6)
# Java VM: OpenJDK 64-Bit Server VM Temurin-17.0.15+6 (17.0.15+6, mixed mode, sharing, tiered, compressed oops, compressed class ptrs, g1 gc, windows-amd64)
GC Precious Log:
 CPUs: 8 total, 8 available
 Memory: 24218M
 Large Page Support: Disabled
 NUMA Support: Disabled
 Compressed Oops: Enabled (32-bit)
 Heap Region Size: 1M
 Heap Min Capacity: 8M
 Heap Initial Capacity: 380M
 Heap Max Capacity: 1536M
 Pre-touch: Disabled
 Parallel Workers: 8
 Concurrent Workers: 2
 Concurrent Refinement Workers: 8
 Periodic GC: Disabled
Heap:
 garbage-first heap   total 168960K, used 96216K [0x00000000a0000000, 0x0000000100000000)
  region size 1024K, 4 young (4096K), 3 survivors (3072K)
 Metaspace       used 80620K, committed 81536K, reserved 1179648K
  class space    used 10994K, committed 11392K, reserved 1048576K
GC Heap History (20 events):
Event: 26.199 GC heap before
{Heap before GC invocations=29 (full 0):
 garbage-first heap   total 121856K, used 75772K [0x00000000a0000000, 0x0000000100000000)
  region size 1024K, 5 young (5120K), 2 survivors (2048K)
 Metaspace       used 64290K, committed 64960K, reserved 1114112K
  class space    used 8968K, committed 9280K, reserved 1048576K
}
Event: 26.204 GC heap after
{Heap after GC invocations=30 (full 0):
 garbage-first heap   total 121856K, used 73168K [0x00000000a0000000, 0x0000000100000000)
  region size 1024K, 1 young (1024K), 1 survivors (1024K)
 Metaspace       used 64290K, committed 64960K, reserved 1114112K
  class space    used 8968K, committed 9280K, reserved 1048576K
}
Event: 26.599 GC heap before
{Heap before GC invocations=30 (full 0):
 garbage-first heap   total 121856K, used 86480K [0x00000000a0000000, 0x0000000100000000)
  region size 1024K, 14 young (14336K), 1 survivors (1024K)
 Metaspace       used 64536K, committed 65280K, reserved 1114112K
  class space    used 8980K, committed 9344K, reserved 1048576K
}
Event: 26.602 GC heap after
{Heap after GC invocations=31 (full 0):
 garbage-first heap   total 121856K, used 73481K [0x00000000a0000000, 0x0000000100000000)
  region size 1024K, 2 young (2048K), 2 survivors (2048K)
 Metaspace       used 64536K, committed 65280K, reserved 1114112K
  class space    used 8980K, committed 9344K, reserved 1048576K
}
Event: 26.747 GC heap before
{Heap before GC invocations=32 (full 0):
 garbage-first heap   total 130048K, used 74505K [0x00000000a0000000, 0x0000000100000000)
  region size 1024K, 4 young (4096K), 2 survivors (2048K)
 Metaspace       used 64544K, committed 65280K, reserved 1114112K
  class space    used 8980K, committed 9344K, reserved 1048576K
}
Event: 26.750 GC heap after
{Heap after GC invocations=33 (full 0):
 garbage-first heap   total 130048K, used 75072K [0x00000000a0000000, 0x0000000100000000)
  region size 1024K, 2 young (2048K), 2 survivors (2048K)
 Metaspace       used 64544K, committed 65280K, reserved 1114112K
  class space    used 8980K, committed 9344K, reserved 1048576K
}
Event: 27.468 GC heap before
{Heap before GC invocations=34 (full 0):
 garbage-first heap   total 137216K, used 97600K [0x00000000a0000000, 0x0000000100000000)
  region size 1024K, 21 young (21504K), 2 survivors (2048K)
 Metaspace       used 66503K, committed 67264K, reserved 1114112K
  class space    used 9233K, committed 9600K, reserved 1048576K
}
Event: 27.472 GC heap after
{Heap after GC invocations=35 (full 0):
 garbage-first heap   total 137216K, used 79975K [0x00000000a0000000, 0x0000000100000000)
  region size 1024K, 3 young (3072K), 3 survivors (3072K)
 Metaspace       used 66503K, committed 67264K, reserved 1114112K
  class space    used 9233K, committed 9600K, reserved 1048576K
}
Event: 28.245 GC heap before
{Heap before GC invocations=35 (full 0):
 garbage-first heap   total 137216K, used 101479K [0x00000000a0000000, 0x0000000100000000)
  region size 1024K, 24 young (24576K), 3 survivors (3072K)
 Metaspace       used 70049K, committed 70848K, reserved 1114112K
  class space    used 9651K, committed 10048K, reserved 1048576K
}
Event: 28.250 GC heap after
{Heap after GC invocations=36 (full 0):
 garbage-first heap   total 137216K, used 80727K [0x00000000a0000000, 0x0000000100000000)
  region size 1024K, 3 young (3072K), 3 survivors (3072K)
 Metaspace       used 70049K, committed 70848K, reserved 1114112K
  class space    used 9651K, committed 10048K, reserved 1048576K
}
Event: 28.781 GC heap before
{Heap before GC invocations=37 (full 0):
 garbage-first heap   total 143360K, used 99159K [0x00000000a0000000, 0x0000000100000000)
  region size 1024K, 23 young (23552K), 3 survivors (3072K)
 Metaspace       used 72532K, committed 73344K, reserved 1114112K
  class space    used 9924K, committed 10304K, reserved 1048576K
}
Event: 28.787 GC heap after
{Heap after GC invocations=38 (full 0):
 garbage-first heap   total 143360K, used 82652K [0x00000000a0000000, 0x0000000100000000)
  region size 1024K, 3 young (3072K), 3 survivors (3072K)
 Metaspace       used 72532K, committed 73344K, reserved 1114112K
  class space    used 9924K, committed 10304K, reserved 1048576K
}
Event: 29.301 GC heap before
{Heap before GC invocations=39 (full 0):
 garbage-first heap   total 168960K, used 116444K [0x00000000a0000000, 0x0000000100000000)
  region size 1024K, 30 young (30720K), 3 survivors (3072K)
 Metaspace       used 74189K, committed 74944K, reserved 1114112K
  class space    used 10147K, committed 10496K, reserved 1048576K
}
Event: 29.308 GC heap after
{Heap after GC invocations=40 (full 0):
 garbage-first heap   total 168960K, used 85168K [0x00000000a0000000, 0x0000000100000000)
  region size 1024K, 4 young (4096K), 4 survivors (4096K)
 Metaspace       used 74189K, committed 74944K, reserved 1114112K
  class space    used 10147K, committed 10496K, reserved 1048576K
}
Event: 29.710 GC heap before
{Heap before GC invocations=40 (full 0):
 garbage-first heap   total 168960K, used 105648K [0x00000000a0000000, 0x0000000100000000)
  region size 1024K, 25 young (25600K), 4 survivors (4096K)
 Metaspace       used 75675K, committed 76416K, reserved 1179648K
  class space    used 10308K, committed 10688K, reserved 1048576K
}
Event: 29.717 GC heap after
{Heap after GC invocations=41 (full 0):
 garbage-first heap   total 168960K, used 87246K [0x00000000a0000000, 0x0000000100000000)
  region size 1024K, 5 young (5120K), 5 survivors (5120K)
 Metaspace       used 75675K, committed 76416K, reserved 1179648K
  class space    used 10308K, committed 10688K, reserved 1048576K
}
Event: 31.010 GC heap before
{Heap before GC invocations=42 (full 0):
 garbage-first heap   total 168960K, used 127182K [0x00000000a0000000, 0x0000000100000000)
  region size 1024K, 43 young (44032K), 5 survivors (5120K)
 Metaspace       used 79393K, committed 80192K, reserved 1179648K
  class space    used 10824K, committed 11200K, reserved 1048576K
}
Event: 31.017 GC heap after
{Heap after GC invocations=43 (full 0):
 garbage-first heap   total 168960K, used 89685K [0x00000000a0000000, 0x0000000100000000)
  region size 1024K, 5 young (5120K), 5 survivors (5120K)
 Metaspace       used 79393K, committed 80192K, reserved 1179648K
  class space    used 10824K, committed 11200K, reserved 1048576K
}
Event: 31.726 GC heap before
{Heap before GC invocations=43 (full 0):
 garbage-first heap   total 168960K, used 128597K [0x00000000a0000000, 0x0000000100000000)
  region size 1024K, 43 young (44032K), 5 survivors (5120K)
 Metaspace       used 80394K, committed 81216K, reserved 1179648K
  class space    used 10984K, committed 11392K, reserved 1048576K
}
Event: 31.735 GC heap after
{Heap after GC invocations=44 (full 0):
 garbage-first heap   total 168960K, used 92939K [0x00000000a0000000, 0x0000000100000000)
  region size 1024K, 6 young (6144K), 6 survivors (6144K)
 Metaspace       used 80394K, committed 81216K, reserved 1179648K
  class space    used 10984K, committed 11392K, reserved 1048576K
}

