# JRE version: OpenJDK Runtime Environment Temurin-21.0.8+9 (21.0.8+9) (build 21.0.8+9-LTS)
# Java VM: OpenJDK 64-Bit Server VM Temurin-21.0.8+9 (21.0.8+9-LTS, mixed mode, sharing, tiered, compressed oops, compressed class ptrs, parallel gc, windows-amd64)
GC Precious Log:
 CardTable entry size: 512
 CPUs: 8 total, 8 available
 Memory: 24218M
 Large Page Support: Disabled
 NUMA Support: Disabled
 Compressed Oops: Enabled (32-bit)
 Alignments: Space 512K, Generation 512K, Heap 2M
 Heap Min Capacity: 100M
 Heap Initial Capacity: 100M
 Heap Max Capacity: 2G
 Pre-touch: Disabled
 Parallel Workers: 8
Heap:
 PSYoungGen      total 13312K, used 2974K [0x00000000d5580000, 0x00000000d6a00000, 0x0000000100000000)
  eden space 11264K, 9% used [0x00000000d5580000,0x00000000d567fbe0,0x00000000d6080000)
  from space 2048K, 95% used [0x00000000d6800000,0x00000000d69e8000,0x00000000d6a00000)
  to   space 3584K, 0% used [0x00000000d6300000,0x00000000d6300000,0x00000000d6680000)
 ParOldGen       total 453120K, used 141263K [0x0000000080000000, 0x000000009ba80000, 0x00000000d5580000)
  object space 453120K, 31% used [0x0000000080000000,0x00000000889f3e78,0x000000009ba80000)
 Metaspace       used 101951K, committed 104000K, reserved 1179648K
  class space    used 12057K, committed 12992K, reserved 1048576K
GC Heap History (20 events):
Event: 238.061 GC heap before
{Heap before GC invocations=788 (full 5):
 PSYoungGen      total 11776K, used 256K [0x00000000d5580000, 0x00000000d6280000, 0x0000000100000000)
  eden space 11264K, 0% used [0x00000000d5580000,0x00000000d5580000,0x00000000d6080000)
  from space 512K, 50% used [0x00000000d6180000,0x00000000d61c0000,0x00000000d6200000)
  to   space 512K, 0% used [0x00000000d6200000,0x00000000d6200000,0x00000000d6280000)
 ParOldGen       total 453120K, used 452962K [0x0000000080000000, 0x000000009ba80000, 0x00000000d5580000)
  object space 453120K, 99% used [0x0000000080000000,0x000000009ba58840,0x000000009ba80000)
 Metaspace       used 100179K, committed 102080K, reserved 1179648K
  class space    used 11851K, committed 12736K, reserved 1048576K
}
Event: 238.236 GC heap after
{Heap after GC invocations=788 (full 5):
 PSYoungGen      total 11776K, used 0K [0x00000000d5580000, 0x00000000d6280000, 0x0000000100000000)
  eden space 11264K, 0% used [0x00000000d5580000,0x00000000d5580000,0x00000000d6080000)
  from space 512K, 0% used [0x00000000d6180000,0x00000000d6180000,0x00000000d6200000)
  to   space 512K, 0% used [0x00000000d6200000,0x00000000d6200000,0x00000000d6280000)
 ParOldGen       total 453120K, used 132766K [0x0000000080000000, 0x000000009ba80000, 0x00000000d5580000)
  object space 453120K, 29% used [0x0000000080000000,0x00000000881a7ae8,0x000000009ba80000)
 Metaspace       used 100172K, committed 102080K, reserved 1179648K
  class space    used 11849K, committed 12736K, reserved 1048576K
}
Event: 238.653 GC heap before
{Heap before GC invocations=789 (full 5):
 PSYoungGen      total 11776K, used 11247K [0x00000000d5580000, 0x00000000d6280000, 0x0000000100000000)
  eden space 11264K, 99% used [0x00000000d5580000,0x00000000d607be18,0x00000000d6080000)
  from space 512K, 0% used [0x00000000d6180000,0x00000000d6180000,0x00000000d6200000)
  to   space 512K, 0% used [0x00000000d6200000,0x00000000d6200000,0x00000000d6280000)
 ParOldGen       total 453120K, used 132766K [0x0000000080000000, 0x000000009ba80000, 0x00000000d5580000)
  object space 453120K, 29% used [0x0000000080000000,0x00000000881a7ae8,0x000000009ba80000)
 Metaspace       used 100212K, committed 102144K, reserved 1179648K
  class space    used 11849K, committed 12736K, reserved 1048576K
}
Event: 238.654 GC heap after
{Heap after GC invocations=789 (full 5):
 PSYoungGen      total 11776K, used 416K [0x00000000d5580000, 0x00000000d6280000, 0x0000000100000000)
  eden space 11264K, 0% used [0x00000000d5580000,0x00000000d5580000,0x00000000d6080000)
  from space 512K, 81% used [0x00000000d6200000,0x00000000d6268000,0x00000000d6280000)
  to   space 512K, 0% used [0x00000000d6180000,0x00000000d6180000,0x00000000d6200000)
 ParOldGen       total 453120K, used 132774K [0x0000000080000000, 0x000000009ba80000, 0x00000000d5580000)
  object space 453120K, 29% used [0x0000000080000000,0x00000000881a9ae8,0x000000009ba80000)
 Metaspace       used 100212K, committed 102144K, reserved 1179648K
  class space    used 11849K, committed 12736K, reserved 1048576K
}
Event: 239.075 GC heap before
{Heap before GC invocations=790 (full 5):
 PSYoungGen      total 11776K, used 11680K [0x00000000d5580000, 0x00000000d6280000, 0x0000000100000000)
  eden space 11264K, 100% used [0x00000000d5580000,0x00000000d6080000,0x00000000d6080000)
  from space 512K, 81% used [0x00000000d6200000,0x00000000d6268000,0x00000000d6280000)
  to   space 512K, 0% used [0x00000000d6180000,0x00000000d6180000,0x00000000d6200000)
 ParOldGen       total 453120K, used 132774K [0x0000000080000000, 0x000000009ba80000, 0x00000000d5580000)
  object space 453120K, 29% used [0x0000000080000000,0x00000000881a9ae8,0x000000009ba80000)
 Metaspace       used 100437K, committed 102400K, reserved 1179648K
  class space    used 11888K, committed 12800K, reserved 1048576K
}
Event: 239.077 GC heap after
{Heap after GC invocations=790 (full 5):
 PSYoungGen      total 11776K, used 509K [0x00000000d5580000, 0x00000000d6380000, 0x0000000100000000)
  eden space 11264K, 0% used [0x00000000d5580000,0x00000000d5580000,0x00000000d6080000)
  from space 512K, 99% used [0x00000000d6180000,0x00000000d61ff540,0x00000000d6200000)
  to   space 1536K, 0% used [0x00000000d6200000,0x00000000d6200000,0x00000000d6380000)
 ParOldGen       total 453120K, used 133398K [0x0000000080000000, 0x000000009ba80000, 0x00000000d5580000)
  object space 453120K, 29% used [0x0000000080000000,0x0000000088245b18,0x000000009ba80000)
 Metaspace       used 100437K, committed 102400K, reserved 1179648K
  class space    used 11888K, committed 12800K, reserved 1048576K
}
Event: 239.401 GC heap before
{Heap before GC invocations=791 (full 5):
 PSYoungGen      total 11776K, used 11773K [0x00000000d5580000, 0x00000000d6380000, 0x0000000100000000)
  eden space 11264K, 100% used [0x00000000d5580000,0x00000000d6080000,0x00000000d6080000)
  from space 512K, 99% used [0x00000000d6180000,0x00000000d61ff540,0x00000000d6200000)
  to   space 1536K, 0% used [0x00000000d6200000,0x00000000d6200000,0x00000000d6380000)
 ParOldGen       total 453120K, used 133398K [0x0000000080000000, 0x000000009ba80000, 0x00000000d5580000)
  object space 453120K, 29% used [0x0000000080000000,0x0000000088245b18,0x000000009ba80000)
 Metaspace       used 100746K, committed 102720K, reserved 1179648K
  class space    used 11931K, committed 12864K, reserved 1048576K
}
Event: 239.404 GC heap after
{Heap after GC invocations=791 (full 5):
 PSYoungGen      total 12288K, used 832K [0x00000000d5580000, 0x00000000d6300000, 0x0000000100000000)
  eden space 11264K, 0% used [0x00000000d5580000,0x00000000d5580000,0x00000000d6080000)
  from space 1024K, 81% used [0x00000000d6200000,0x00000000d62d0000,0x00000000d6300000)
  to   space 1024K, 0% used [0x00000000d6100000,0x00000000d6100000,0x00000000d6200000)
 ParOldGen       total 453120K, used 133864K [0x0000000080000000, 0x000000009ba80000, 0x00000000d5580000)
  object space 453120K, 29% used [0x0000000080000000,0x00000000882ba210,0x000000009ba80000)
 Metaspace       used 100746K, committed 102720K, reserved 1179648K
  class space    used 11931K, committed 12864K, reserved 1048576K
}
Event: 239.623 GC heap before
{Heap before GC invocations=792 (full 5):
 PSYoungGen      total 12288K, used 12096K [0x00000000d5580000, 0x00000000d6300000, 0x0000000100000000)
  eden space 11264K, 100% used [0x00000000d5580000,0x00000000d6080000,0x00000000d6080000)
  from space 1024K, 81% used [0x00000000d6200000,0x00000000d62d0000,0x00000000d6300000)
  to   space 1024K, 0% used [0x00000000d6100000,0x00000000d6100000,0x00000000d6200000)
 ParOldGen       total 453120K, used 133864K [0x0000000080000000, 0x000000009ba80000, 0x00000000d5580000)
  object space 453120K, 29% used [0x0000000080000000,0x00000000882ba210,0x000000009ba80000)
 Metaspace       used 101436K, committed 103424K, reserved 1179648K
  class space    used 12002K, committed 12928K, reserved 1048576K
}
Event: 239.626 GC heap after
{Heap after GC invocations=792 (full 5):
 PSYoungGen      total 12288K, used 586K [0x00000000d5580000, 0x00000000d6280000, 0x0000000100000000)
  eden space 11264K, 0% used [0x00000000d5580000,0x00000000d5580000,0x00000000d6080000)
  from space 1024K, 57% used [0x00000000d6100000,0x00000000d61928f8,0x00000000d6200000)
  to   space 512K, 0% used [0x00000000d6200000,0x00000000d6200000,0x00000000d6280000)
 ParOldGen       total 453120K, used 134500K [0x0000000080000000, 0x000000009ba80000, 0x00000000d5580000)
  object space 453120K, 29% used [0x0000000080000000,0x0000000088359220,0x000000009ba80000)
 Metaspace       used 101436K, committed 103424K, reserved 1179648K
  class space    used 12002K, committed 12928K, reserved 1048576K
}
Event: 239.666 GC heap before
{Heap before GC invocations=793 (full 5):
 PSYoungGen      total 12288K, used 11850K [0x00000000d5580000, 0x00000000d6280000, 0x0000000100000000)
  eden space 11264K, 99% used [0x00000000d5580000,0x00000000d607ffe8,0x00000000d6080000)
  from space 1024K, 57% used [0x00000000d6100000,0x00000000d61928f8,0x00000000d6200000)
  to   space 512K, 0% used [0x00000000d6200000,0x00000000d6200000,0x00000000d6280000)
 ParOldGen       total 453120K, used 134500K [0x0000000080000000, 0x000000009ba80000, 0x00000000d5580000)
  object space 453120K, 29% used [0x0000000080000000,0x0000000088359220,0x000000009ba80000)
 Metaspace       used 101440K, committed 103424K, reserved 1179648K
  class space    used 12002K, committed 12928K, reserved 1048576K
}
Event: 239.667 GC heap after
{Heap after GC invocations=793 (full 5):
 PSYoungGen      total 11776K, used 256K [0x00000000d5580000, 0x00000000d6280000, 0x0000000100000000)
  eden space 11264K, 0% used [0x00000000d5580000,0x00000000d5580000,0x00000000d6080000)
  from space 512K, 50% used [0x00000000d6200000,0x00000000d6240020,0x00000000d6280000)
  to   space 512K, 0% used [0x00000000d6180000,0x00000000d6180000,0x00000000d6200000)
 ParOldGen       total 453120K, used 134928K [0x0000000080000000, 0x000000009ba80000, 0x00000000d5580000)
  object space 453120K, 29% used [0x0000000080000000,0x00000000883c43c8,0x000000009ba80000)
 Metaspace       used 101440K, committed 103424K, reserved 1179648K
  class space    used 12002K, committed 12928K, reserved 1048576K
}
Event: 239.818 GC heap before
{Heap before GC invocations=794 (full 5):
 PSYoungGen      total 11776K, used 11438K [0x00000000d5580000, 0x00000000d6280000, 0x0000000100000000)
  eden space 11264K, 99% used [0x00000000d5580000,0x00000000d606bb88,0x00000000d6080000)
  from space 512K, 50% used [0x00000000d6200000,0x00000000d6240020,0x00000000d6280000)
  to   space 512K, 0% used [0x00000000d6180000,0x00000000d6180000,0x00000000d6200000)
 ParOldGen       total 453120K, used 134928K [0x0000000080000000, 0x000000009ba80000, 0x00000000d5580000)
  object space 453120K, 29% used [0x0000000080000000,0x00000000883c43c8,0x000000009ba80000)
 Metaspace       used 101484K, committed 103488K, reserved 1179648K
  class space    used 12005K, committed 12928K, reserved 1048576K
}
Event: 239.819 GC heap after
{Heap after GC invocations=794 (full 5):
 PSYoungGen      total 11776K, used 320K [0x00000000d5580000, 0x00000000d6280000, 0x0000000100000000)
  eden space 11264K, 0% used [0x00000000d5580000,0x00000000d5580000,0x00000000d6080000)
  from space 512K, 62% used [0x00000000d6180000,0x00000000d61d0000,0x00000000d6200000)
  to   space 512K, 0% used [0x00000000d6200000,0x00000000d6200000,0x00000000d6280000)
 ParOldGen       total 453120K, used 134976K [0x0000000080000000, 0x000000009ba80000, 0x00000000d5580000)
  object space 453120K, 29% used [0x0000000080000000,0x00000000883d03c8,0x000000009ba80000)
 Metaspace       used 101484K, committed 103488K, reserved 1179648K
  class space    used 12005K, committed 12928K, reserved 1048576K
}
Event: 240.167 GC heap before
{Heap before GC invocations=795 (full 5):
 PSYoungGen      total 11776K, used 11583K [0x00000000d5580000, 0x00000000d6280000, 0x0000000100000000)
  eden space 11264K, 99% used [0x00000000d5580000,0x00000000d607ffd8,0x00000000d6080000)
  from space 512K, 62% used [0x00000000d6180000,0x00000000d61d0000,0x00000000d6200000)
  to   space 512K, 0% used [0x00000000d6200000,0x00000000d6200000,0x00000000d6280000)
 ParOldGen       total 453120K, used 134976K [0x0000000080000000, 0x000000009ba80000, 0x00000000d5580000)
  object space 453120K, 29% used [0x0000000080000000,0x00000000883d03c8,0x000000009ba80000)
 Metaspace       used 101543K, committed 103488K, reserved 1179648K
  class space    used 12012K, committed 12928K, reserved 1048576K
}
Event: 240.168 GC heap after
{Heap after GC invocations=795 (full 5):
 PSYoungGen      total 11776K, used 256K [0x00000000d5580000, 0x00000000d6280000, 0x0000000100000000)
  eden space 11264K, 0% used [0x00000000d5580000,0x00000000d5580000,0x00000000d6080000)
  from space 512K, 50% used [0x00000000d6200000,0x00000000d6240000,0x00000000d6280000)
  to   space 512K, 0% used [0x00000000d6180000,0x00000000d6180000,0x00000000d6200000)
 ParOldGen       total 453120K, used 135056K [0x0000000080000000, 0x000000009ba80000, 0x00000000d5580000)
  object space 453120K, 29% used [0x0000000080000000,0x00000000883e43c8,0x000000009ba80000)
 Metaspace       used 101543K, committed 103488K, reserved 1179648K
  class space    used 12012K, committed 12928K, reserved 1048576K
}
Event: 240.192 GC heap before
{Heap before GC invocations=796 (full 5):
 PSYoungGen      total 11776K, used 11520K [0x00000000d5580000, 0x00000000d6280000, 0x0000000100000000)
  eden space 11264K, 100% used [0x00000000d5580000,0x00000000d6080000,0x00000000d6080000)
  from space 512K, 50% used [0x00000000d6200000,0x00000000d6240000,0x00000000d6280000)
  to   space 512K, 0% used [0x00000000d6180000,0x00000000d6180000,0x00000000d6200000)
 ParOldGen       total 453120K, used 135056K [0x0000000080000000, 0x000000009ba80000, 0x00000000d5580000)
  object space 453120K, 29% used [0x0000000080000000,0x00000000883e43c8,0x000000009ba80000)
 Metaspace       used 101577K, committed 103616K, reserved 1179648K
  class space    used 12015K, committed 12928K, reserved 1048576K
}
Event: 240.195 GC heap after
{Heap after GC invocations=796 (full 5):
 PSYoungGen      total 11776K, used 511K [0x00000000d5580000, 0x00000000d6f80000, 0x0000000100000000)
  eden space 11264K, 0% used [0x00000000d5580000,0x00000000d5580000,0x00000000d6080000)
  from space 512K, 99% used [0x00000000d6180000,0x00000000d61ffd58,0x00000000d6200000)
  to   space 7680K, 0% used [0x00000000d6800000,0x00000000d6800000,0x00000000d6f80000)
 ParOldGen       total 453120K, used 140760K [0x0000000080000000, 0x000000009ba80000, 0x00000000d5580000)
  object space 453120K, 31% used [0x0000000080000000,0x0000000088976120,0x000000009ba80000)
 Metaspace       used 101577K, committed 103616K, reserved 1179648K
  class space    used 12015K, committed 12928K, reserved 1048576K
}
Event: 9661.930 GC heap before
{Heap before GC invocations=797 (full 5):
 PSYoungGen      total 11776K, used 11775K [0x00000000d5580000, 0x00000000d6f80000, 0x0000000100000000)
  eden space 11264K, 100% used [0x00000000d5580000,0x00000000d6080000,0x00000000d6080000)
  from space 512K, 99% used [0x00000000d6180000,0x00000000d61ffd58,0x00000000d6200000)
  to   space 7680K, 0% used [0x00000000d6800000,0x00000000d6800000,0x00000000d6f80000)
 ParOldGen       total 453120K, used 140760K [0x0000000080000000, 0x000000009ba80000, 0x00000000d5580000)
  object space 453120K, 31% used [0x0000000080000000,0x0000000088976120,0x000000009ba80000)
 Metaspace       used 101929K, committed 104000K, reserved 1179648K
  class space    used 12057K, committed 12992K, reserved 1048576K
}
Event: 9662.104 GC heap after
{Heap after GC invocations=797 (full 5):
 PSYoungGen      total 13312K, used 1952K [0x00000000d5580000, 0x00000000d6a00000, 0x0000000100000000)
  eden space 11264K, 0% used [0x00000000d5580000,0x00000000d5580000,0x00000000d6080000)
  from space 2048K, 95% used [0x00000000d6800000,0x00000000d69e8000,0x00000000d6a00000)
  to   space 3584K, 0% used [0x00000000d6300000,0x00000000d6300000,0x00000000d6680000)
 ParOldGen       total 453120K, used 141263K [0x0000000080000000, 0x000000009ba80000, 0x00000000d5580000)
  object space 453120K, 31% used [0x0000000080000000,0x00000000889f3e78,0x000000009ba80000)
 Metaspace       used 101929K, committed 104000K, reserved 1179648K
  class space    used 12057K, committed 12992K, reserved 1048576K
}

